Arguments: 
  /Users/timothyveldhuizen/.nvm/versions/node/v10.15.3/bin/node /Users/timothyveldhuizen/.nvm/versions/node/v10.15.3/bin/yarn say-hello

PATH: 
  /Users/timothyveldhuizen/Rabobank/apache-maven-3.5.2/bin:/usr/local/bin:/usr/bin:/bin:/usr/sbin:/sbin:/Users/timothyveldhuizen/.nvm/versions/node/v10.15.3/bin:/Users/timothyveldhuizen/Rabobank/apache-maven-3.5.2/bin

Yarn version: 
  1.15.2

Node version: 
  10.15.3

Platform: 
  darwin x64

Trace: 
  SyntaxError: /Users/timothyveldhuizen/Rabobank/VSCodeProjects/exercises/yarn-scripts/package.json: Unexpected string in JSON at position 143
      at JSON.parse (<anonymous>)
      at /Users/timothyveldhuizen/.nvm/versions/node/v10.15.3/lib/node_modules/yarn/lib/cli.js:1625:59
      at Generator.next (<anonymous>)
      at step (/Users/timothyveldhuizen/.nvm/versions/node/v10.15.3/lib/node_modules/yarn/lib/cli.js:304:30)
      at /Users/timothyveldhuizen/.nvm/versions/node/v10.15.3/lib/node_modules/yarn/lib/cli.js:315:13

npm manifest: 
  {
    "name": "yarn-scripts",
    "version": "1.0.0",
    "main": "index.js",
    "scripts": {
      "say-hello": "echo 'Just say Hello! Hello..'"
    }
    "license": "MIT",
    "devDependencies": {
      "typescript": "^3.4.5"
    }
  }

yarn manifest: 
  No manifest

Lockfile: 
  # THIS IS AN AUTOGENERATED FILE. DO NOT EDIT THIS FILE DIRECTLY.
  # yarn lockfile v1
  
  
  typescript@^3.4.5:
    version "3.4.5"
    resolved "https://registry.yarnpkg.com/typescript/-/typescript-3.4.5.tgz#2d2618d10bb566572b8d7aad5180d84257d70a99"
    integrity sha512-YycBxUb49UUhdNMU5aJ7z5Ej2XGmaIBL0x34vZ82fn3hGvD+bgrMrVDpatgz2f7YxUMJxMkbWxJZeAvDxVe7Vw==
